<?xml version="1.0" encoding="UTF-8"?>
<testsuite name="org.jllinares.Lab04ApplicationTests" tests="1" skipped="0" failures="0" errors="0" timestamp="2016-08-13T17:16:13" hostname="LAPTOP-CANACHE" time="0.029">
  <properties/>
  <testcase name="contextLoads" classname="org.jllinares.Lab04ApplicationTests" time="0.029"/>
  <system-out><![CDATA[12:16:07.327 [Test worker] DEBUG org.springframework.test.context.junit4.SpringJUnit4ClassRunner - SpringJUnit4ClassRunner constructor called with [class org.jllinares.Lab04ApplicationTests]
12:16:07.342 [Test worker] DEBUG org.springframework.test.context.BootstrapUtils - Instantiating CacheAwareContextLoaderDelegate from class [org.springframework.test.context.cache.DefaultCacheAwareContextLoaderDelegate]
12:16:07.371 [Test worker] DEBUG org.springframework.test.context.BootstrapUtils - Instantiating BootstrapContext using constructor [public org.springframework.test.context.support.DefaultBootstrapContext(java.lang.Class,org.springframework.test.context.CacheAwareContextLoaderDelegate)]
12:16:07.414 [Test worker] DEBUG org.springframework.test.context.BootstrapUtils - Instantiating TestContextBootstrapper for test class [org.jllinares.Lab04ApplicationTests] from class [org.springframework.boot.test.context.SpringBootTestContextBootstrapper]
12:16:07.444 [Test worker] INFO org.springframework.boot.test.context.SpringBootTestContextBootstrapper - Neither @ContextConfiguration nor @ContextHierarchy found for test class [org.jllinares.Lab04ApplicationTests], using SpringBootContextLoader
12:16:07.454 [Test worker] DEBUG org.springframework.test.context.support.AbstractContextLoader - Did not detect default resource location for test class [org.jllinares.Lab04ApplicationTests]: class path resource [org/jllinares/Lab04ApplicationTests-context.xml] does not exist
12:16:07.455 [Test worker] DEBUG org.springframework.test.context.support.AbstractContextLoader - Did not detect default resource location for test class [org.jllinares.Lab04ApplicationTests]: class path resource [org/jllinares/Lab04ApplicationTestsContext.groovy] does not exist
12:16:07.455 [Test worker] INFO org.springframework.test.context.support.AbstractContextLoader - Could not detect default resource locations for test class [org.jllinares.Lab04ApplicationTests]: no resource found for suffixes {-context.xml, Context.groovy}.
12:16:07.457 [Test worker] INFO org.springframework.test.context.support.AnnotationConfigContextLoaderUtils - Could not detect default configuration classes for test class [org.jllinares.Lab04ApplicationTests]: Lab04ApplicationTests does not declare any static, non-private, non-final, nested classes annotated with @Configuration.
12:16:07.549 [Test worker] DEBUG org.springframework.test.context.support.ActiveProfilesUtils - Could not find an 'annotation declaring class' for annotation type [org.springframework.test.context.ActiveProfiles] and class [org.jllinares.Lab04ApplicationTests]
12:16:07.674 [Test worker] DEBUG org.springframework.core.env.StandardEnvironment - Adding [systemProperties] PropertySource with lowest search precedence
12:16:07.675 [Test worker] DEBUG org.springframework.core.env.StandardEnvironment - Adding [systemEnvironment] PropertySource with lowest search precedence
12:16:07.676 [Test worker] DEBUG org.springframework.core.env.StandardEnvironment - Initialized StandardEnvironment with PropertySources [systemProperties,systemEnvironment]
12:16:07.705 [Test worker] DEBUG org.springframework.core.io.support.PathMatchingResourcePatternResolver - Resolved classpath location [org/jllinares/] to resources [URL [file:/C:/Users/Canache/Documents/Personales/Cursos/MicroservicesWorkshop/Proyecto_Gradle/lab04/workshop-ms-dia4/build/classes/test/org/jllinares/], URL [file:/C:/Users/Canache/Documents/Personales/Cursos/MicroservicesWorkshop/Proyecto_Gradle/lab04/workshop-ms-dia4/build/classes/main/org/jllinares/]]
12:16:07.706 [Test worker] DEBUG org.springframework.core.io.support.PathMatchingResourcePatternResolver - Looking for matching resources in directory tree [C:\Users\Canache\Documents\Personales\Cursos\MicroservicesWorkshop\Proyecto_Gradle\lab04\workshop-ms-dia4\build\classes\test\org\jllinares]
12:16:07.707 [Test worker] DEBUG org.springframework.core.io.support.PathMatchingResourcePatternResolver - Searching directory [C:\Users\Canache\Documents\Personales\Cursos\MicroservicesWorkshop\Proyecto_Gradle\lab04\workshop-ms-dia4\build\classes\test\org\jllinares] for files matching pattern [C:/Users/Canache/Documents/Personales/Cursos/MicroservicesWorkshop/Proyecto_Gradle/lab04/workshop-ms-dia4/build/classes/test/org/jllinares/*.class]
12:16:07.715 [Test worker] DEBUG org.springframework.core.io.support.PathMatchingResourcePatternResolver - Looking for matching resources in directory tree [C:\Users\Canache\Documents\Personales\Cursos\MicroservicesWorkshop\Proyecto_Gradle\lab04\workshop-ms-dia4\build\classes\main\org\jllinares]
12:16:07.716 [Test worker] DEBUG org.springframework.core.io.support.PathMatchingResourcePatternResolver - Searching directory [C:\Users\Canache\Documents\Personales\Cursos\MicroservicesWorkshop\Proyecto_Gradle\lab04\workshop-ms-dia4\build\classes\main\org\jllinares] for files matching pattern [C:/Users/Canache/Documents/Personales/Cursos/MicroservicesWorkshop/Proyecto_Gradle/lab04/workshop-ms-dia4/build/classes/main/org/jllinares/*.class]
12:16:07.718 [Test worker] DEBUG org.springframework.core.io.support.PathMatchingResourcePatternResolver - Resolved location pattern [classpath*:org/jllinares/*.class] to resources [file [C:\Users\Canache\Documents\Personales\Cursos\MicroservicesWorkshop\Proyecto_Gradle\lab04\workshop-ms-dia4\build\classes\test\org\jllinares\Lab04ApplicationTests.class], file [C:\Users\Canache\Documents\Personales\Cursos\MicroservicesWorkshop\Proyecto_Gradle\lab04\workshop-ms-dia4\build\classes\main\org\jllinares\Lab04Application.class]]
12:16:07.848 [Test worker] DEBUG org.springframework.context.annotation.ClassPathScanningCandidateComponentProvider - Identified candidate component class: file [C:\Users\Canache\Documents\Personales\Cursos\MicroservicesWorkshop\Proyecto_Gradle\lab04\workshop-ms-dia4\build\classes\main\org\jllinares\Lab04Application.class]
12:16:07.852 [Test worker] INFO org.springframework.boot.test.context.SpringBootTestContextBootstrapper - Found @SpringBootConfiguration org.jllinares.Lab04Application for test class org.jllinares.Lab04ApplicationTests
12:16:07.862 [Test worker] DEBUG org.springframework.boot.test.context.SpringBootTestContextBootstrapper - @TestExecutionListeners is not present for class [org.jllinares.Lab04ApplicationTests]: using defaults.
12:16:07.874 [Test worker] INFO org.springframework.boot.test.context.SpringBootTestContextBootstrapper - Loaded default TestExecutionListener class names from location [META-INF/spring.factories]: [org.springframework.boot.test.mock.mockito.MockitoTestExecutionListener, org.springframework.boot.test.mock.mockito.ResetMocksTestExecutionListener, org.springframework.boot.test.autoconfigure.AutoConfigureReportTestExecutionListener, org.springframework.boot.test.autoconfigure.restdocs.RestDocsTestExecutionListener, org.springframework.boot.test.autoconfigure.web.client.MockRestServiceServerResetTestExecutionListener, org.springframework.test.context.web.ServletTestExecutionListener, org.springframework.test.context.support.DirtiesContextBeforeModesTestExecutionListener, org.springframework.test.context.support.DependencyInjectionTestExecutionListener, org.springframework.test.context.support.DirtiesContextTestExecutionListener, org.springframework.test.context.transaction.TransactionalTestExecutionListener, org.springframework.test.context.jdbc.SqlScriptsTestExecutionListener]
12:16:07.894 [Test worker] INFO org.springframework.boot.test.context.SpringBootTestContextBootstrapper - Could not instantiate TestExecutionListener [org.springframework.test.context.jdbc.SqlScriptsTestExecutionListener]. Specify custom listener classes or make the default listener classes (and their required dependencies) available. Offending class: [org/springframework/transaction/interceptor/TransactionAttribute]
12:16:07.906 [Test worker] INFO org.springframework.boot.test.context.SpringBootTestContextBootstrapper - Could not instantiate TestExecutionListener [org.springframework.test.context.transaction.TransactionalTestExecutionListener]. Specify custom listener classes or make the default listener classes (and their required dependencies) available. Offending class: [org/springframework/transaction/interceptor/TransactionAttributeSource]
12:16:07.907 [Test worker] INFO org.springframework.boot.test.context.SpringBootTestContextBootstrapper - Using TestExecutionListeners: [org.springframework.test.context.web.ServletTestExecutionListener@2545e39a, org.springframework.test.context.support.DirtiesContextBeforeModesTestExecutionListener@6c154f61, org.springframework.boot.test.autoconfigure.AutoConfigureReportTestExecutionListener@726c0592, org.springframework.test.context.support.DependencyInjectionTestExecutionListener@4c465fc2, org.springframework.test.context.support.DirtiesContextTestExecutionListener@46153ce3, org.springframework.boot.test.mock.mockito.MockitoTestExecutionListener@bd1d07, org.springframework.boot.test.autoconfigure.web.client.MockRestServiceServerResetTestExecutionListener@126fd817, org.springframework.boot.test.autoconfigure.restdocs.RestDocsTestExecutionListener@6ca92dd7, org.springframework.boot.test.mock.mockito.ResetMocksTestExecutionListener@3b4f685]
12:16:07.914 [Test worker] DEBUG org.springframework.test.annotation.ProfileValueUtils - Retrieved @ProfileValueSourceConfiguration [null] for test class [org.jllinares.Lab04ApplicationTests]
12:16:07.916 [Test worker] DEBUG org.springframework.test.annotation.ProfileValueUtils - Retrieved ProfileValueSource type [class org.springframework.test.annotation.SystemProfileValueSource] for class [org.jllinares.Lab04ApplicationTests]
12:16:07.918 [Test worker] DEBUG org.springframework.test.annotation.ProfileValueUtils - Retrieved @ProfileValueSourceConfiguration [null] for test class [org.jllinares.Lab04ApplicationTests]
12:16:07.918 [Test worker] DEBUG org.springframework.test.annotation.ProfileValueUtils - Retrieved ProfileValueSource type [class org.springframework.test.annotation.SystemProfileValueSource] for class [org.jllinares.Lab04ApplicationTests]
12:16:07.929 [Test worker] DEBUG org.springframework.test.context.support.AbstractDirtiesContextTestExecutionListener - Before test class: context [DefaultTestContext@36642df4 testClass = Lab04ApplicationTests, testInstance = [null], testMethod = [null], testException = [null], mergedContextConfiguration = [WebMergedContextConfiguration@59f8f89b testClass = Lab04ApplicationTests, locations = '{}', classes = '{class org.jllinares.Lab04Application}', contextInitializerClasses = '[]', activeProfiles = '{}', propertySourceLocations = '{}', propertySourceProperties = '{org.springframework.boot.test.context.SpringBootTestContextBootstrapper=true}', contextCustomizers = set[org.springframework.boot.test.context.SpringBootTestContextCustomizer@3575dd7a, org.springframework.boot.test.context.filter.ExcludeFilterContextCustomizer@44af077c, org.springframework.boot.test.mock.mockito.MockitoContextCustomizer@0, org.springframework.boot.test.autoconfigure.properties.PropertyMappingContextCustomizer@0], resourceBasePath = 'src/main/webapp', contextLoader = 'org.springframework.boot.test.context.SpringBootContextLoader', parent = [null]]], class annotated with @DirtiesContext [false] with mode [null].
12:16:07.933 [Test worker] DEBUG org.springframework.test.annotation.ProfileValueUtils - Retrieved @ProfileValueSourceConfiguration [null] for test class [org.jllinares.Lab04ApplicationTests]
12:16:07.934 [Test worker] DEBUG org.springframework.test.annotation.ProfileValueUtils - Retrieved ProfileValueSource type [class org.springframework.test.annotation.SystemProfileValueSource] for class [org.jllinares.Lab04ApplicationTests]
12:16:08.007 [Test worker] DEBUG org.springframework.core.env.StandardEnvironment - Adding [systemProperties] PropertySource with lowest search precedence
12:16:08.008 [Test worker] DEBUG org.springframework.core.env.StandardEnvironment - Adding [systemEnvironment] PropertySource with lowest search precedence
12:16:08.008 [Test worker] DEBUG org.springframework.core.env.StandardEnvironment - Initialized StandardEnvironment with PropertySources [systemProperties,systemEnvironment]
12:16:08.011 [Test worker] DEBUG org.springframework.test.context.support.TestPropertySourceUtils - Adding inlined properties to environment: {spring.jmx.enabled=false, org.springframework.boot.test.context.SpringBootTestContextBootstrapper=true, server.port=-1}
12:16:08.012 [Test worker] DEBUG org.springframework.core.env.StandardEnvironment - Adding [Inlined Test Properties] PropertySource with highest search precedence

  .   ____          _            __ _ _
 /\\ / ___'_ __ _ _(_)_ __  __ _ \ \ \ \
( ( )\___ | '_ | '_| | '_ \/ _` | \ \ \ \
 \\/  ___)| |_)| | | | | || (_| |  ) ) ) )
  '  |____| .__|_| |_|_| |_\__, | / / / /
 =========|_|==============|___/=/_/_/_/
 :: Spring Boot ::        (v1.4.0.RELEASE)

2016-08-13 12:16:09.232  INFO 3352 --- [    Test worker] org.jllinares.Lab04ApplicationTests      : Starting Lab04ApplicationTests on LAPTOP-CANACHE with PID 3352 (started by Canache in C:\Users\Canache\Documents\Personales\Cursos\MicroservicesWorkshop\Proyecto_Gradle\lab04\workshop-ms-dia4)
2016-08-13 12:16:09.234  INFO 3352 --- [    Test worker] org.jllinares.Lab04ApplicationTests      : No active profile set, falling back to default profiles: default
2016-08-13 12:16:09.435  INFO 3352 --- [    Test worker] o.s.w.c.s.GenericWebApplicationContext   : Refreshing org.springframework.web.context.support.GenericWebApplicationContext@393b5886: startup date [Sat Aug 13 12:16:09 COT 2016]; root of context hierarchy
2016-08-13 12:16:13.139  INFO 3352 --- [    Test worker] s.w.s.m.m.a.RequestMappingHandlerAdapter : Looking for @ControllerAdvice: org.springframework.web.context.support.GenericWebApplicationContext@393b5886: startup date [Sat Aug 13 12:16:09 COT 2016]; root of context hierarchy
2016-08-13 12:16:13.254  INFO 3352 --- [    Test worker] s.w.s.m.m.a.RequestMappingHandlerMapping : Mapped "{[/error]}" onto public org.springframework.http.ResponseEntity<java.util.Map<java.lang.String, java.lang.Object>> org.springframework.boot.autoconfigure.web.BasicErrorController.error(javax.servlet.http.HttpServletRequest)
2016-08-13 12:16:13.255  INFO 3352 --- [    Test worker] s.w.s.m.m.a.RequestMappingHandlerMapping : Mapped "{[/error],produces=[text/html]}" onto public org.springframework.web.servlet.ModelAndView org.springframework.boot.autoconfigure.web.BasicErrorController.errorHtml(javax.servlet.http.HttpServletRequest,javax.servlet.http.HttpServletResponse)
2016-08-13 12:16:13.302  INFO 3352 --- [    Test worker] o.s.w.s.handler.SimpleUrlHandlerMapping  : Mapped URL path [/webjars/**] onto handler of type [class org.springframework.web.servlet.resource.ResourceHttpRequestHandler]
2016-08-13 12:16:13.302  INFO 3352 --- [    Test worker] o.s.w.s.handler.SimpleUrlHandlerMapping  : Mapped URL path [/**] onto handler of type [class org.springframework.web.servlet.resource.ResourceHttpRequestHandler]
2016-08-13 12:16:13.358  INFO 3352 --- [    Test worker] o.s.w.s.handler.SimpleUrlHandlerMapping  : Mapped URL path [/**/favicon.ico] onto handler of type [class org.springframework.web.servlet.resource.ResourceHttpRequestHandler]
2016-08-13 12:16:13.620  INFO 3352 --- [    Test worker] org.jllinares.Lab04ApplicationTests      : Started Lab04ApplicationTests in 5.572 seconds (JVM running for 8.258)
]]></system-out>
  <system-err><![CDATA[]]></system-err>
</testsuite>
