<?xml version="1.0" encoding="UTF-8"?>
<testsuite name="org.jllinares.microservice.CalculadoraServiceTests" tests="1" skipped="0" failures="0" errors="0" timestamp="2016-08-13T17:16:13" hostname="LAPTOP-CANACHE" time="0.0">
  <properties/>
  <testcase name="test_sum" classname="org.jllinares.microservice.CalculadoraServiceTests" time="0.0"/>
  <system-out><![CDATA[]]></system-out>
  <system-err><![CDATA[]]></system-err>
</testsuite>
