<?xml version="1.0" encoding="UTF-8"?>
<testsuite name="org.jllinares.Lab04ApplicationTests" tests="1" skipped="0" failures="0" errors="0" timestamp="2016-08-13T16:58:16" hostname="LAPTOP-CANACHE" time="0.026">
  <properties/>
  <testcase name="contextLoads" classname="org.jllinares.Lab04ApplicationTests" time="0.026"/>
  <system-out><![CDATA[11:58:11.992 [Test worker] DEBUG org.springframework.test.context.junit4.SpringJUnit4ClassRunner - SpringJUnit4ClassRunner constructor called with [class org.jllinares.Lab04ApplicationTests]
11:58:12.000 [Test worker] DEBUG org.springframework.test.context.BootstrapUtils - Instantiating CacheAwareContextLoaderDelegate from class [org.springframework.test.context.cache.DefaultCacheAwareContextLoaderDelegate]
11:58:12.012 [Test worker] DEBUG org.springframework.test.context.BootstrapUtils - Instantiating BootstrapContext using constructor [public org.springframework.test.context.support.DefaultBootstrapContext(java.lang.Class,org.springframework.test.context.CacheAwareContextLoaderDelegate)]
11:58:12.034 [Test worker] DEBUG org.springframework.test.context.BootstrapUtils - Instantiating TestContextBootstrapper for test class [org.jllinares.Lab04ApplicationTests] from class [org.springframework.boot.test.context.SpringBootTestContextBootstrapper]
11:58:12.055 [Test worker] INFO org.springframework.boot.test.context.SpringBootTestContextBootstrapper - Neither @ContextConfiguration nor @ContextHierarchy found for test class [org.jllinares.Lab04ApplicationTests], using SpringBootContextLoader
11:58:12.064 [Test worker] DEBUG org.springframework.test.context.support.AbstractContextLoader - Did not detect default resource location for test class [org.jllinares.Lab04ApplicationTests]: class path resource [org/jllinares/Lab04ApplicationTests-context.xml] does not exist
11:58:12.065 [Test worker] DEBUG org.springframework.test.context.support.AbstractContextLoader - Did not detect default resource location for test class [org.jllinares.Lab04ApplicationTests]: class path resource [org/jllinares/Lab04ApplicationTestsContext.groovy] does not exist
11:58:12.065 [Test worker] INFO org.springframework.test.context.support.AbstractContextLoader - Could not detect default resource locations for test class [org.jllinares.Lab04ApplicationTests]: no resource found for suffixes {-context.xml, Context.groovy}.
11:58:12.066 [Test worker] INFO org.springframework.test.context.support.AnnotationConfigContextLoaderUtils - Could not detect default configuration classes for test class [org.jllinares.Lab04ApplicationTests]: Lab04ApplicationTests does not declare any static, non-private, non-final, nested classes annotated with @Configuration.
11:58:12.130 [Test worker] DEBUG org.springframework.test.context.support.ActiveProfilesUtils - Could not find an 'annotation declaring class' for annotation type [org.springframework.test.context.ActiveProfiles] and class [org.jllinares.Lab04ApplicationTests]
11:58:12.208 [Test worker] DEBUG org.springframework.core.env.StandardEnvironment - Adding [systemProperties] PropertySource with lowest search precedence
11:58:12.208 [Test worker] DEBUG org.springframework.core.env.StandardEnvironment - Adding [systemEnvironment] PropertySource with lowest search precedence
11:58:12.209 [Test worker] DEBUG org.springframework.core.env.StandardEnvironment - Initialized StandardEnvironment with PropertySources [systemProperties,systemEnvironment]
11:58:12.222 [Test worker] DEBUG org.springframework.core.io.support.PathMatchingResourcePatternResolver - Resolved classpath location [org/jllinares/] to resources [URL [file:/C:/Users/Canache/Documents/Personales/Cursos/MicroservicesWorkshop/Proyecto_Gradle/lab04/workshop-ms-dia4/build/classes/test/org/jllinares/], URL [file:/C:/Users/Canache/Documents/Personales/Cursos/MicroservicesWorkshop/Proyecto_Gradle/lab04/workshop-ms-dia4/build/classes/main/org/jllinares/]]
11:58:12.223 [Test worker] DEBUG org.springframework.core.io.support.PathMatchingResourcePatternResolver - Looking for matching resources in directory tree [C:\Users\Canache\Documents\Personales\Cursos\MicroservicesWorkshop\Proyecto_Gradle\lab04\workshop-ms-dia4\build\classes\test\org\jllinares]
11:58:12.224 [Test worker] DEBUG org.springframework.core.io.support.PathMatchingResourcePatternResolver - Searching directory [C:\Users\Canache\Documents\Personales\Cursos\MicroservicesWorkshop\Proyecto_Gradle\lab04\workshop-ms-dia4\build\classes\test\org\jllinares] for files matching pattern [C:/Users/Canache/Documents/Personales/Cursos/MicroservicesWorkshop/Proyecto_Gradle/lab04/workshop-ms-dia4/build/classes/test/org/jllinares/*.class]
11:58:12.230 [Test worker] DEBUG org.springframework.core.io.support.PathMatchingResourcePatternResolver - Looking for matching resources in directory tree [C:\Users\Canache\Documents\Personales\Cursos\MicroservicesWorkshop\Proyecto_Gradle\lab04\workshop-ms-dia4\build\classes\main\org\jllinares]
11:58:12.230 [Test worker] DEBUG org.springframework.core.io.support.PathMatchingResourcePatternResolver - Searching directory [C:\Users\Canache\Documents\Personales\Cursos\MicroservicesWorkshop\Proyecto_Gradle\lab04\workshop-ms-dia4\build\classes\main\org\jllinares] for files matching pattern [C:/Users/Canache/Documents/Personales/Cursos/MicroservicesWorkshop/Proyecto_Gradle/lab04/workshop-ms-dia4/build/classes/main/org/jllinares/*.class]
11:58:12.231 [Test worker] DEBUG org.springframework.core.io.support.PathMatchingResourcePatternResolver - Resolved location pattern [classpath*:org/jllinares/*.class] to resources [file [C:\Users\Canache\Documents\Personales\Cursos\MicroservicesWorkshop\Proyecto_Gradle\lab04\workshop-ms-dia4\build\classes\test\org\jllinares\Lab04ApplicationTests.class], file [C:\Users\Canache\Documents\Personales\Cursos\MicroservicesWorkshop\Proyecto_Gradle\lab04\workshop-ms-dia4\build\classes\main\org\jllinares\Lab04Application.class]]
11:58:12.293 [Test worker] DEBUG org.springframework.context.annotation.ClassPathScanningCandidateComponentProvider - Identified candidate component class: file [C:\Users\Canache\Documents\Personales\Cursos\MicroservicesWorkshop\Proyecto_Gradle\lab04\workshop-ms-dia4\build\classes\main\org\jllinares\Lab04Application.class]
11:58:12.296 [Test worker] INFO org.springframework.boot.test.context.SpringBootTestContextBootstrapper - Found @SpringBootConfiguration org.jllinares.Lab04Application for test class org.jllinares.Lab04ApplicationTests
11:58:12.304 [Test worker] DEBUG org.springframework.boot.test.context.SpringBootTestContextBootstrapper - @TestExecutionListeners is not present for class [org.jllinares.Lab04ApplicationTests]: using defaults.
11:58:12.309 [Test worker] INFO org.springframework.boot.test.context.SpringBootTestContextBootstrapper - Loaded default TestExecutionListener class names from location [META-INF/spring.factories]: [org.springframework.boot.test.mock.mockito.MockitoTestExecutionListener, org.springframework.boot.test.mock.mockito.ResetMocksTestExecutionListener, org.springframework.boot.test.autoconfigure.AutoConfigureReportTestExecutionListener, org.springframework.boot.test.autoconfigure.restdocs.RestDocsTestExecutionListener, org.springframework.boot.test.autoconfigure.web.client.MockRestServiceServerResetTestExecutionListener, org.springframework.test.context.web.ServletTestExecutionListener, org.springframework.test.context.support.DirtiesContextBeforeModesTestExecutionListener, org.springframework.test.context.support.DependencyInjectionTestExecutionListener, org.springframework.test.context.support.DirtiesContextTestExecutionListener, org.springframework.test.context.transaction.TransactionalTestExecutionListener, org.springframework.test.context.jdbc.SqlScriptsTestExecutionListener]
11:58:12.320 [Test worker] INFO org.springframework.boot.test.context.SpringBootTestContextBootstrapper - Could not instantiate TestExecutionListener [org.springframework.test.context.jdbc.SqlScriptsTestExecutionListener]. Specify custom listener classes or make the default listener classes (and their required dependencies) available. Offending class: [org/springframework/transaction/interceptor/TransactionAttribute]
11:58:12.320 [Test worker] INFO org.springframework.boot.test.context.SpringBootTestContextBootstrapper - Could not instantiate TestExecutionListener [org.springframework.test.context.transaction.TransactionalTestExecutionListener]. Specify custom listener classes or make the default listener classes (and their required dependencies) available. Offending class: [org/springframework/transaction/interceptor/TransactionAttributeSource]
11:58:12.321 [Test worker] INFO org.springframework.boot.test.context.SpringBootTestContextBootstrapper - Using TestExecutionListeners: [org.springframework.test.context.web.ServletTestExecutionListener@249711a4, org.springframework.test.context.support.DirtiesContextBeforeModesTestExecutionListener@2c0a9946, org.springframework.boot.test.autoconfigure.AutoConfigureReportTestExecutionListener@40831ecd, org.springframework.test.context.support.DependencyInjectionTestExecutionListener@17c34313, org.springframework.test.context.support.DirtiesContextTestExecutionListener@b457a7e, org.springframework.boot.test.autoconfigure.web.client.MockRestServiceServerResetTestExecutionListener@737d12f9, org.springframework.boot.test.mock.mockito.ResetMocksTestExecutionListener@2bd00f2d, org.springframework.boot.test.mock.mockito.MockitoTestExecutionListener@26860a9f, org.springframework.boot.test.autoconfigure.restdocs.RestDocsTestExecutionListener@63002bb]
11:58:12.324 [Test worker] DEBUG org.springframework.test.annotation.ProfileValueUtils - Retrieved @ProfileValueSourceConfiguration [null] for test class [org.jllinares.Lab04ApplicationTests]
11:58:12.325 [Test worker] DEBUG org.springframework.test.annotation.ProfileValueUtils - Retrieved ProfileValueSource type [class org.springframework.test.annotation.SystemProfileValueSource] for class [org.jllinares.Lab04ApplicationTests]
11:58:12.326 [Test worker] DEBUG org.springframework.test.annotation.ProfileValueUtils - Retrieved @ProfileValueSourceConfiguration [null] for test class [org.jllinares.Lab04ApplicationTests]
11:58:12.326 [Test worker] DEBUG org.springframework.test.annotation.ProfileValueUtils - Retrieved ProfileValueSource type [class org.springframework.test.annotation.SystemProfileValueSource] for class [org.jllinares.Lab04ApplicationTests]
11:58:12.333 [Test worker] DEBUG org.springframework.test.context.support.AbstractDirtiesContextTestExecutionListener - Before test class: context [DefaultTestContext@469bce9a testClass = Lab04ApplicationTests, testInstance = [null], testMethod = [null], testException = [null], mergedContextConfiguration = [WebMergedContextConfiguration@2f7c67d4 testClass = Lab04ApplicationTests, locations = '{}', classes = '{class org.jllinares.Lab04Application}', contextInitializerClasses = '[]', activeProfiles = '{}', propertySourceLocations = '{}', propertySourceProperties = '{org.springframework.boot.test.context.SpringBootTestContextBootstrapper=true}', contextCustomizers = set[org.springframework.boot.test.context.SpringBootTestContextCustomizer@30598497, org.springframework.boot.test.context.filter.ExcludeFilterContextCustomizer@9d59956, org.springframework.boot.test.mock.mockito.MockitoContextCustomizer@0, org.springframework.boot.test.autoconfigure.properties.PropertyMappingContextCustomizer@0], resourceBasePath = 'src/main/webapp', contextLoader = 'org.springframework.boot.test.context.SpringBootContextLoader', parent = [null]]], class annotated with @DirtiesContext [false] with mode [null].
11:58:12.335 [Test worker] DEBUG org.springframework.test.annotation.ProfileValueUtils - Retrieved @ProfileValueSourceConfiguration [null] for test class [org.jllinares.Lab04ApplicationTests]
11:58:12.335 [Test worker] DEBUG org.springframework.test.annotation.ProfileValueUtils - Retrieved ProfileValueSource type [class org.springframework.test.annotation.SystemProfileValueSource] for class [org.jllinares.Lab04ApplicationTests]
11:58:12.374 [Test worker] DEBUG org.springframework.core.env.StandardEnvironment - Adding [systemProperties] PropertySource with lowest search precedence
11:58:12.374 [Test worker] DEBUG org.springframework.core.env.StandardEnvironment - Adding [systemEnvironment] PropertySource with lowest search precedence
11:58:12.374 [Test worker] DEBUG org.springframework.core.env.StandardEnvironment - Initialized StandardEnvironment with PropertySources [systemProperties,systemEnvironment]
11:58:12.375 [Test worker] DEBUG org.springframework.test.context.support.TestPropertySourceUtils - Adding inlined properties to environment: {spring.jmx.enabled=false, org.springframework.boot.test.context.SpringBootTestContextBootstrapper=true, server.port=-1}
11:58:12.376 [Test worker] DEBUG org.springframework.core.env.StandardEnvironment - Adding [Inlined Test Properties] PropertySource with highest search precedence

  .   ____          _            __ _ _
 /\\ / ___'_ __ _ _(_)_ __  __ _ \ \ \ \
( ( )\___ | '_ | '_| | '_ \/ _` | \ \ \ \
 \\/  ___)| |_)| | | | | || (_| |  ) ) ) )
  '  |____| .__|_| |_|_| |_\__, | / / / /
 =========|_|==============|___/=/_/_/_/
 :: Spring Boot ::        (v1.4.0.RELEASE)

2016-08-13 11:58:12.940  INFO 11600 --- [    Test worker] org.jllinares.Lab04ApplicationTests      : Starting Lab04ApplicationTests on LAPTOP-CANACHE with PID 11600 (started by Canache in C:\Users\Canache\Documents\Personales\Cursos\MicroservicesWorkshop\Proyecto_Gradle\lab04\workshop-ms-dia4)
2016-08-13 11:58:12.941  INFO 11600 --- [    Test worker] org.jllinares.Lab04ApplicationTests      : No active profile set, falling back to default profiles: default
2016-08-13 11:58:12.998  INFO 11600 --- [    Test worker] o.s.w.c.s.GenericWebApplicationContext   : Refreshing org.springframework.web.context.support.GenericWebApplicationContext@3c699fbe: startup date [Sat Aug 13 11:58:12 COT 2016]; root of context hierarchy
2016-08-13 11:58:15.995  INFO 11600 --- [    Test worker] s.w.s.m.m.a.RequestMappingHandlerAdapter : Looking for @ControllerAdvice: org.springframework.web.context.support.GenericWebApplicationContext@3c699fbe: startup date [Sat Aug 13 11:58:12 COT 2016]; root of context hierarchy
2016-08-13 11:58:16.256  INFO 11600 --- [    Test worker] s.w.s.m.m.a.RequestMappingHandlerMapping : Mapped "{[/error]}" onto public org.springframework.http.ResponseEntity<java.util.Map<java.lang.String, java.lang.Object>> org.springframework.boot.autoconfigure.web.BasicErrorController.error(javax.servlet.http.HttpServletRequest)
2016-08-13 11:58:16.259  INFO 11600 --- [    Test worker] s.w.s.m.m.a.RequestMappingHandlerMapping : Mapped "{[/error],produces=[text/html]}" onto public org.springframework.web.servlet.ModelAndView org.springframework.boot.autoconfigure.web.BasicErrorController.errorHtml(javax.servlet.http.HttpServletRequest,javax.servlet.http.HttpServletResponse)
2016-08-13 11:58:16.350  INFO 11600 --- [    Test worker] o.s.w.s.handler.SimpleUrlHandlerMapping  : Mapped URL path [/webjars/**] onto handler of type [class org.springframework.web.servlet.resource.ResourceHttpRequestHandler]
2016-08-13 11:58:16.350  INFO 11600 --- [    Test worker] o.s.w.s.handler.SimpleUrlHandlerMapping  : Mapped URL path [/**] onto handler of type [class org.springframework.web.servlet.resource.ResourceHttpRequestHandler]
2016-08-13 11:58:16.454  INFO 11600 --- [    Test worker] o.s.w.s.handler.SimpleUrlHandlerMapping  : Mapped URL path [/**/favicon.ico] onto handler of type [class org.springframework.web.servlet.resource.ResourceHttpRequestHandler]
2016-08-13 11:58:16.727  INFO 11600 --- [    Test worker] org.jllinares.Lab04ApplicationTests      : Started Lab04ApplicationTests in 4.34 seconds (JVM running for 6.06)
]]></system-out>
  <system-err><![CDATA[]]></system-err>
</testsuite>
